<?xml version="1.0" encoding="UTF-8"?>
<!-- Generated by org.testng.reporters.JUnitXMLReporter -->
<testsuite hostname="LAPTOP-RI237U6O" ignored="0" name="OrangeHRM Testcases" tests="3" failures="0" timestamp="2022-06-03T18:26:08 EDT" time="91.361" errors="0">
  <testcase name="testHRMLogin" time="15.553" classname="com.ohrm.qa.testcases.TestHRMLoginPage"/>
  <testcase name="testOnBoarding" time="10.156" classname="com.ohrm.qa.testcases.TestHRMEmpManagementPage"/>
  <testcase name="TestOnBoardingaddEvent" time="9.234" classname="com.ohrm.qa.testcases.TestHRMOnboardingPage"/>
</testsuite> <!-- OrangeHRM Testcases -->
